#
# There is insufficient memory for the Java Runtime Environment to continue.
# Native memory allocation (malloc) failed to allocate 43778048 bytes for committing reserved memory.
# Possible reasons:
#   The system is out of physical RAM or swap space
#   In 32 bit mode, the process size limit was hit
# Possible solutions:
#   Reduce memory load on the system
#   Increase physical memory or swap space
#   Check if swap backing store is full
#   Use 64 bit Java on a 64 bit OS
#   Decrease Java heap size (-Xmx/-Xms)
#   Decrease number of Java threads
#   Decrease Java thread stack sizes (-Xss)
#   Set larger code cache with -XX:ReservedCodeCacheSize=
# This output file may be truncated or incomplete.
#
#  Out of Memory Error (os_linux.cpp:2756), pid=10611, tid=3061664576
#
# JRE version:  (7.0_80-b15) (build )
# Java VM: Java HotSpot(TM) Server VM (24.80-b11 mixed mode linux-x86 )
# Failed to write core dump. Core dumps have been disabled. To enable core dumping, try "ulimit -c unlimited" before starting Java again
#

---------------  T H R E A D  ---------------

Current thread (0xb6607400):  JavaThread "Unknown thread" [_thread_in_vm, id=10612, stack(0xb6784000,0xb67d5000)]

Stack: [0xb6784000,0xb67d5000],  sp=0xb67d3b20,  free space=318k
Native frames: (J=compiled Java code, j=interpreted, Vv=VM code, C=native code)
V  [libjvm.so+0x7ea656]  VMError::report_and_die()+0x1a6
V  [libjvm.so+0x33eb82]  report_vm_out_of_memory(char const*, int, unsigned int, char const*)+0x72
V  [libjvm.so+0x687fb1]  os::Linux::commit_memory_impl(char*, unsigned int, bool)+0xe1
V  [libjvm.so+0x688478]  os::pd_commit_memory(char*, unsigned int, unsigned int, bool)+0x28
V  [libjvm.so+0x681b2c]  os::commit_memory(char*, unsigned int, unsigned int, bool)+0x2c
V  [libjvm.so+0x6ea8d8]  PSVirtualSpace::expand_by(unsigned int)+0x48
V  [libjvm.so+0x6dc6dd]  PSOldGen::initialize(ReservedSpace, unsigned int, char const*, int)+0x7d
V  [libjvm.so+0x187f26]  AdjoiningGenerations::AdjoiningGenerations(ReservedSpace, unsigned int, unsigned int, unsigned int, unsigned int, unsigned int, unsigned int, unsigned int)+0x2a6
V  [libjvm.so+0x6a7af4]  ParallelScavengeHeap::initialize()+0x3b4
V  [libjvm.so+0x7bd1c4]  Universe::initialize_heap()+0xa4
V  [libjvm.so+0x7be7f5]  universe_init()+0x55
V  [libjvm.so+0x452775]  init_globals()+0x55
V  [libjvm.so+0x7a73b0]  Threads::create_vm(JavaVMInitArgs*, bool*)+0x200
V  [libjvm.so+0x4c544c]  JNI_CreateJavaVM+0x5c
C  [libjli.so+0x2688]  JavaMain+0x98
C  [libpthread.so.0+0x6f70]  start_thread+0xd0


---------------  P R O C E S S  ---------------

Java Threads: ( => current thread )

Other Threads:

=>0xb6607400 (exited) JavaThread "Unknown thread" [_thread_in_vm, id=10612, stack(0xb6784000,0xb67d5000)]

VM state:not at safepoint (not fully initialized)

VM Mutex/Monitor currently owned by a thread: None

GC Heap History (0 events):
No events

Deoptimization events (0 events):
No events

Internal exceptions (0 events):
No events

Events (0 events):
No events


Dynamic libraries:
08048000-08049000 r-xp 00000000 08:05 58299      /usr/lib/jvm/java-7-oracle/jre/bin/java
08049000-0804a000 rw-p 00000000 08:05 58299      /usr/lib/jvm/java-7-oracle/jre/bin/java
09fe0000-0a001000 rw-p 00000000 00:00 0          [heap]
706e9000-70857000 rw-p 00000000 00:00 0 
70857000-70863000 rw-p 00000000 00:00 0 
70863000-708ff000 rw-p 00000000 00:00 0 
708ff000-70900000 rw-p 00000000 00:00 0 
70900000-74900000 rw-p 00000000 00:00 0 
770a4000-772c0000 rw-p 00000000 00:00 0 
772c0000-9e640000 rw-p 00000000 00:00 0 
9e640000-9fb40000 rw-p 00000000 00:00 0 
9fb40000-b3500000 rw-p 00000000 00:00 0 
b3528000-b3531000 rw-p 00000000 00:00 0 
b3531000-b35e8000 rw-p 00000000 00:00 0 
b35e8000-b3828000 rwxp 00000000 00:00 0 
b3828000-b65e8000 rw-p 00000000 00:00 0 
b65e8000-b65ff000 r-xp 00000000 08:05 58247      /usr/lib/jvm/java-7-oracle/jre/lib/i386/libzip.so
b65ff000-b6600000 rw-p 00016000 08:05 58247      /usr/lib/jvm/java-7-oracle/jre/lib/i386/libzip.so
b6600000-b6621000 rw-p 00000000 00:00 0 
b6621000-b6700000 ---p 00000000 00:00 0 
b6708000-b6713000 r-xp 00000000 08:05 134505     /lib/i386-linux-gnu/libnss_files-2.19.so
b6713000-b6714000 r--p 0000a000 08:05 134505     /lib/i386-linux-gnu/libnss_files-2.19.so
b6714000-b6715000 rw-p 0000b000 08:05 134505     /lib/i386-linux-gnu/libnss_files-2.19.so
b6715000-b671f000 r-xp 00000000 08:05 134491     /lib/i386-linux-gnu/libnss_nis-2.19.so
b671f000-b6720000 r--p 00009000 08:05 134491     /lib/i386-linux-gnu/libnss_nis-2.19.so
b6720000-b6721000 rw-p 0000a000 08:05 134491     /lib/i386-linux-gnu/libnss_nis-2.19.so
b6721000-b6736000 r-xp 00000000 08:05 134492     /lib/i386-linux-gnu/libnsl-2.19.so
b6736000-b6737000 r--p 00015000 08:05 134492     /lib/i386-linux-gnu/libnsl-2.19.so
b6737000-b6738000 rw-p 00016000 08:05 134492     /lib/i386-linux-gnu/libnsl-2.19.so
b6738000-b673a000 rw-p 00000000 00:00 0 
b674f000-b6757000 rw-s 00000000 08:05 522741     /tmp/hsperfdata_john/10611
b6757000-b677a000 r-xp 00000000 08:05 58251      /usr/lib/jvm/java-7-oracle/jre/lib/i386/libjava.so
b677a000-b677b000 rw-p 00023000 08:05 58251      /usr/lib/jvm/java-7-oracle/jre/lib/i386/libjava.so
b677b000-b6782000 r-xp 00000000 08:05 134506     /lib/i386-linux-gnu/librt-2.19.so
b6782000-b6783000 r--p 00006000 08:05 134506     /lib/i386-linux-gnu/librt-2.19.so
b6783000-b6784000 rw-p 00007000 08:05 134506     /lib/i386-linux-gnu/librt-2.19.so
b6784000-b6787000 ---p 00000000 00:00 0 
b6787000-b67d5000 rw-p 00000000 00:00 0          [stack:10612]
b67d5000-b6819000 r-xp 00000000 08:05 134496     /lib/i386-linux-gnu/libm-2.19.so
b6819000-b681a000 r--p 00043000 08:05 134496     /lib/i386-linux-gnu/libm-2.19.so
b681a000-b681b000 rw-p 00044000 08:05 134496     /lib/i386-linux-gnu/libm-2.19.so
b681b000-b70a2000 r-xp 00000000 08:05 58263      /usr/lib/jvm/java-7-oracle/jre/lib/i386/server/libjvm.so
b70a2000-b7106000 rw-p 00886000 08:05 58263      /usr/lib/jvm/java-7-oracle/jre/lib/i386/server/libjvm.so
b7106000-b752a000 rw-p 00000000 00:00 0 
b752a000-b76d2000 r-xp 00000000 08:05 134488     /lib/i386-linux-gnu/libc-2.19.so
b76d2000-b76d4000 r--p 001a8000 08:05 134488     /lib/i386-linux-gnu/libc-2.19.so
b76d4000-b76d5000 rw-p 001aa000 08:05 134488     /lib/i386-linux-gnu/libc-2.19.so
b76d5000-b76d8000 rw-p 00000000 00:00 0 
b76d8000-b76db000 r-xp 00000000 08:05 134489     /lib/i386-linux-gnu/libdl-2.19.so
b76db000-b76dc000 r--p 00002000 08:05 134489     /lib/i386-linux-gnu/libdl-2.19.so
b76dc000-b76dd000 rw-p 00003000 08:05 134489     /lib/i386-linux-gnu/libdl-2.19.so
b76dd000-b76de000 rw-p 00000000 00:00 0 
b76de000-b76f2000 r-xp 00000000 08:05 58200      /usr/lib/jvm/java-7-oracle/jre/lib/i386/jli/libjli.so
b76f2000-b76f3000 rw-p 00013000 08:05 58200      /usr/lib/jvm/java-7-oracle/jre/lib/i386/jli/libjli.so
b76f3000-b770b000 r-xp 00000000 08:05 134501     /lib/i386-linux-gnu/libpthread-2.19.so
b770b000-b770c000 r--p 00018000 08:05 134501     /lib/i386-linux-gnu/libpthread-2.19.so
b770c000-b770d000 rw-p 00019000 08:05 134501     /lib/i386-linux-gnu/libpthread-2.19.so
b770d000-b770f000 rw-p 00000000 00:00 0 
b7712000-b7715000 rw-p 00000000 00:00 0 
b7715000-b771c000 r-xp 00000000 08:05 134497     /lib/i386-linux-gnu/libnss_compat-2.19.so
b771c000-b771d000 r--p 00006000 08:05 134497     /lib/i386-linux-gnu/libnss_compat-2.19.so
b771d000-b771e000 rw-p 00007000 08:05 134497     /lib/i386-linux-gnu/libnss_compat-2.19.so
b771e000-b771f000 rw-p 00000000 00:00 0 
b771f000-b7720000 r--p 00000000 00:00 0 
b7720000-b772b000 r-xp 00000000 08:05 58248      /usr/lib/jvm/java-7-oracle/jre/lib/i386/libverify.so
b772b000-b772c000 rw-p 0000b000 08:05 58248      /usr/lib/jvm/java-7-oracle/jre/lib/i386/libverify.so
b772c000-b772e000 rw-p 00000000 00:00 0 
b772e000-b772f000 r-xp 00000000 00:00 0          [vdso]
b772f000-b7731000 r--p 00000000 00:00 0          [vvar]
b7731000-b7751000 r-xp 00000000 08:05 134490     /lib/i386-linux-gnu/ld-2.19.so
b7751000-b7752000 r--p 0001f000 08:05 134490     /lib/i386-linux-gnu/ld-2.19.so
b7752000-b7753000 rw-p 00020000 08:05 134490     /lib/i386-linux-gnu/ld-2.19.so
bfac5000-bfac6000 rwxp 00000000 00:00 0 
bfaf8000-bfb19000 rw-p 00000000 00:00 0          [stack]

VM Arguments:
java_command: org.jetbrains.git4idea.http.GitAskPassApp Username for 'https://github.com': 
Launcher Type: SUN_STANDARD

Environment Variables:
JAVA_HOME=/usr/lib/jvm/java-7-oracle
PATH=/usr/lib/git-core:/usr/local/sbin:/usr/local/bin:/usr/sbin:/usr/bin:/sbin:/bin:/usr/games:/usr/local/games:/usr/lib/jvm/java-7-oracle/bin:/usr/lib/jvm/java-7-oracle/db/bin:/usr/lib/jvm/java-7-oracle/jre/bin
SHELL=/bin/bash
DISPLAY=:0

Signal Handlers:
SIGSEGV: [libjvm.so+0x7eb160], sa_mask[0]=0x7ffbfeff, sa_flags=0x10000004
SIGBUS: [libjvm.so+0x7eb160], sa_mask[0]=0x7ffbfeff, sa_flags=0x10000004
SIGFPE: [libjvm.so+0x684ac0], sa_mask[0]=0x7ffbfeff, sa_flags=0x10000004
SIGPIPE: [libjvm.so+0x684ac0], sa_mask[0]=0x7ffbfeff, sa_flags=0x10000004
SIGXFSZ: [libjvm.so+0x684ac0], sa_mask[0]=0x7ffbfeff, sa_flags=0x10000004
SIGILL: [libjvm.so+0x684ac0], sa_mask[0]=0x7ffbfeff, sa_flags=0x10000004
SIGUSR1: SIG_DFL, sa_mask[0]=0x00000000, sa_flags=0x00000000
SIGUSR2: [libjvm.so+0x686330], sa_mask[0]=0x00000004, sa_flags=0x10000004
SIGHUP: SIG_DFL, sa_mask[0]=0x00000000, sa_flags=0x00000000
SIGINT: SIG_DFL, sa_mask[0]=0x00000000, sa_flags=0x00000000
SIGTERM: SIG_DFL, sa_mask[0]=0x00000000, sa_flags=0x00000000
SIGQUIT: SIG_DFL, sa_mask[0]=0x00000000, sa_flags=0x00000000


---------------  S Y S T E M  ---------------

OS:jessie/sid

uname:Linux 3.16.0-41-generic #57~14.04.1-Ubuntu SMP Thu Jun 18 18:01:50 UTC 2015 i686
libc:glibc 2.19 NPTL 2.19 
rlimit: STACK 8192k, CORE 0k, NPROC 31948, NOFILE 4096, AS infinity
load average:2.79 1.78 1.36

/proc/meminfo:
MemTotal:        4108884 kB
MemFree:          194588 kB
MemAvailable:     151676 kB
Buffers:            4040 kB
Cached:           843692 kB
SwapCached:            0 kB
Active:          3014244 kB
Inactive:         807796 kB
Active(anon):    2980652 kB
Inactive(anon):   757056 kB
Active(file):      33592 kB
Inactive(file):    50740 kB
Unevictable:          48 kB
Mlocked:              48 kB
HighTotal:       3245056 kB
HighFree:          38028 kB
LowTotal:         863828 kB
LowFree:          156560 kB
SwapTotal:             0 kB
SwapFree:              0 kB
Dirty:                56 kB
Writeback:             0 kB
AnonPages:       2974368 kB
Mapped:           286936 kB
Shmem:            763400 kB
Slab:              39624 kB
SReclaimable:      18912 kB
SUnreclaim:        20712 kB
KernelStack:        5560 kB
PageTables:        23996 kB
NFS_Unstable:          0 kB
Bounce:                0 kB
WritebackTmp:          0 kB
CommitLimit:     2054440 kB
Committed_AS:    9632092 kB
VmallocTotal:     122880 kB
VmallocUsed:       14112 kB
VmallocChunk:     104420 kB
AnonHugePages:   1587200 kB
HugePages_Total:       0
HugePages_Free:        0
HugePages_Rsvd:        0
HugePages_Surp:        0
Hugepagesize:       2048 kB
DirectMap4k:       22520 kB
DirectMap2M:      886784 kB


CPU:total 2 (2 cores per cpu, 1 threads per core) family 6 model 15 stepping 13, cmov, cx8, fxsr, mmx, sse, sse2, sse3, ssse3, tsc

/proc/cpuinfo:
processor	: 0
vendor_id	: GenuineIntel
cpu family	: 6
model		: 15
model name	: Intel(R) Core(TM)2 Duo CPU     T5750  @ 2.00GHz
stepping	: 13
microcode	: 0xa3
cpu MHz		: 2000.000
cache size	: 2048 KB
physical id	: 0
siblings	: 2
core id		: 0
cpu cores	: 2
apicid		: 0
initial apicid	: 0
fdiv_bug	: no
f00f_bug	: no
coma_bug	: no
fpu		: yes
fpu_exception	: yes
cpuid level	: 10
wp		: yes
flags		: fpu vme de pse tsc msr pae mce cx8 apic sep mtrr pge mca cmov pat pse36 clflush dts acpi mmx fxsr sse sse2 ss ht tm pbe nx lm constant_tsc arch_perfmon pebs bts aperfmperf pni dtes64 monitor ds_cpl est tm2 ssse3 cx16 xtpr pdcm lahf_lm dtherm
bogomips	: 3990.00
clflush size	: 64
cache_alignment	: 64
address sizes	: 36 bits physical, 48 bits virtual
power management:

processor	: 1
vendor_id	: GenuineIntel
cpu family	: 6
model		: 15
model name	: Intel(R) Core(TM)2 Duo CPU     T5750  @ 2.00GHz
stepping	: 13
microcode	: 0xa3
cpu MHz		: 2000.000
cache size	: 2048 KB
physical id	: 0
siblings	: 2
core id		: 1
cpu cores	: 2
apicid		: 1
initial apicid	: 1
fdiv_bug	: no
f00f_bug	: no
coma_bug	: no
fpu		: yes
fpu_exception	: yes
cpuid level	: 10
wp		: yes
flags		: fpu vme de pse tsc msr pae mce cx8 apic sep mtrr pge mca cmov pat pse36 clflush dts acpi mmx fxsr sse sse2 ss ht tm pbe nx lm constant_tsc arch_perfmon pebs bts aperfmperf pni dtes64 monitor ds_cpl est tm2 ssse3 cx16 xtpr pdcm lahf_lm dtherm
bogomips	: 3990.00
clflush size	: 64
cache_alignment	: 64
address sizes	: 36 bits physical, 48 bits virtual
power management:



Memory: 4k page, physical 4108884k(194588k free), swap 0k(0k free)

vm_info: Java HotSpot(TM) Server VM (24.80-b11) for linux-x86 JRE (1.7.0_80-b15), built on Apr 10 2015 12:29:10 by "java_re" with gcc 4.3.0 20080428 (Red Hat 4.3.0-8)

time: Fri Oct  2 11:30:05 2015
elapsed time: 0 seconds

